<?xml version="1.0" encoding="UTF-8"?>
<!-- Generated by org.testng.reporters.JUnitReportReporter -->
<testsuite skipped="0" hostname="LAPTOP-TTH4L307" name="Test.Test" tests="1" failures="0" timestamp="14 Oct 2018 12:25:09 GMT" time="12.184" errors="0">
  <testcase name="test_Home_Page_Appear_Correct" time="12.184" classname="Test.Test"/>
</testsuite> <!-- Test.Test -->
